{"/Users/julian9925/code base/vue-action-project/src/components/HelloWorld.vue": {"path":"/Users/julian9925/code base/vue-action-project/src/components/HelloWorld.vue","statementMap":{"0":{"start":{"line":48,"column":0},"end":{"line":48,"column":null}},"1":{"start":{"line":49,"column":0},"end":{"line":49,"column":null}},"2":{"start":{"line":50,"column":0},"end":{"line":50,"column":null}},"3":{"start":{"line":51,"column":0},"end":{"line":51,"column":null}},"4":{"start":{"line":55,"column":0},"end":{"line":83,"column":null}},"5":{"start":{"line":55,"column":0},"end":{"line":55,"column":null}},"6":{"start":{"line":59,"column":0},"end":{"line":59,"column":null}},"7":{"start":{"line":60,"column":0},"end":{"line":60,"column":null}},"8":{"start":{"line":64,"column":0},"end":{"line":64,"column":null}},"9":{"start":{"line":66,"column":0},"end":{"line":68,"column":null}},"10":{"start":{"line":67,"column":0},"end":{"line":67,"column":null}},"11":{"start":{"line":68,"column":0},"end":{"line":68,"column":null}},"12":{"start":{"line":71,"column":0},"end":{"line":82,"column":null}},"13":{"start":{"line":72,"column":0},"end":{"line":72,"column":null}},"14":{"start":{"line":76,"column":0},"end":{"line":76,"column":null}},"15":{"start":{"line":81,"column":0},"end":{"line":81,"column":null}},"16":{"start":{"line":56,"column":0},"end":{"line":56,"column":null}},"17":{"start":{"line":57,"column":0},"end":{"line":57,"column":null}},"18":{"start":{"line":83,"column":0},"end":{"line":83,"column":null}}},"fnMap":{"0":{"name":"(anonymous_1)","decl":{"start":{"line":55,"column":0},"end":{"line":55,"column":null}},"loc":{"start":{"line":55,"column":0},"end":{"line":83,"column":null}}},"1":{"name":"(anonymous_3)","decl":{"start":{"line":66,"column":0},"end":{"line":66,"column":null}},"loc":{"start":{"line":66,"column":0},"end":{"line":67,"column":null}}},"2":{"name":"(anonymous_4)","decl":{"start":{"line":67,"column":0},"end":{"line":67,"column":null}},"loc":{"start":{"line":67,"column":0},"end":{"line":68,"column":null}}},"3":{"name":"(anonymous_5)","decl":{"start":{"line":71,"column":0},"end":{"line":71,"column":null}},"loc":{"start":{"line":71,"column":0},"end":{"line":82,"column":null}}}},"branchMap":{"0":{"loc":{"start":{"line":55,"column":0},"end":{"line":55,"column":null}},"type":"binary-expr","locations":[{"start":{"line":55,"column":0},"end":{"line":55,"column":null}},{"start":{"line":55,"column":0},"end":{"line":55,"column":null}},{"start":{"line":55,"column":0},"end":{"line":55,"column":null}}]},"1":{"loc":{"start":{"line":67,"column":0},"end":{"line":67,"column":null}},"type":"binary-expr","locations":[{"start":{"line":67,"column":0},"end":{"line":67,"column":null}},{"start":{"line":67,"column":0},"end":{"line":67,"column":null}}]},"2":{"loc":{"start":{"line":68,"column":0},"end":{"line":68,"column":null}},"type":"binary-expr","locations":[{"start":{"line":68,"column":0},"end":{"line":68,"column":null}},{"start":{"line":68,"column":0},"end":{"line":68,"column":null}}]}},"s":{"0":2,"1":2,"2":2,"3":2,"4":2,"5":7,"6":3,"7":3,"8":3,"9":3,"10":3,"11":3,"12":2,"13":2,"14":1,"15":1,"16":2,"17":2,"18":2},"f":{"0":5,"1":3,"2":3,"3":1},"b":{"0":[3,3,3],"1":[3,3],"2":[3,3]}}
,"/Users/julian9925/code base/vue-action-project/src/store/initialState/InitialInfoState.ts": {"path":"/Users/julian9925/code base/vue-action-project/src/store/initialState/InitialInfoState.ts","statementMap":{"0":{"start":{"line":3,"column":13},"end":{"line":8,"column":2}},"1":{"start":{"line":4,"column":4},"end":{"line":7,"column":6}}},"fnMap":{"0":{"name":"(anonymous_0)","decl":{"start":{"line":3,"column":33},"end":{"line":3,"column":null}},"loc":{"start":{"line":3,"column":33},"end":{"line":8,"column":1}}}},"branchMap":{},"s":{"0":2,"1":2},"f":{"0":2},"b":{}}
,"/Users/julian9925/code base/vue-action-project/src/store/modules/info.ts": {"path":"/Users/julian9925/code base/vue-action-project/src/store/modules/info.ts","statementMap":{"0":{"start":{"line":4,"column":0},"end":{"line":4,"column":74}},"1":{"start":{"line":8,"column":25},"end":{"line":8,"column":44}},"2":{"start":{"line":10,"column":44},"end":{"line":13,"column":2}},"3":{"start":{"line":11,"column":19},"end":{"line":11,"column":21}},"4":{"start":{"line":11,"column":26},"end":{"line":11,"column":null}},"5":{"start":{"line":12,"column":31},"end":{"line":12,"column":33}},"6":{"start":{"line":12,"column":38},"end":{"line":12,"column":null}},"7":{"start":{"line":15,"column":53},"end":{"line":23,"column":2}},"8":{"start":{"line":16,"column":21},"end":{"line":16,"column":23}},"9":{"start":{"line":17,"column":8},"end":{"line":17,"column":38}},"10":{"start":{"line":21,"column":8},"end":{"line":21,"column":29}},"11":{"start":{"line":25,"column":59},"end":{"line":40,"column":2}},"12":{"start":{"line":27,"column":8},"end":{"line":27,"column":28}},"13":{"start":{"line":28,"column":8},"end":{"line":28,"column":34}},"14":{"start":{"line":35,"column":8},"end":{"line":38,"column":11}},"15":{"start":{"line":42,"column":0},"end":{"line":48,"column":2}}},"fnMap":{"0":{"name":"(anonymous_0)","decl":{"start":{"line":11,"column":11},"end":{"line":11,"column":12}},"loc":{"start":{"line":11,"column":21},"end":{"line":11,"column":31}}},"1":{"name":"(anonymous_1)","decl":{"start":{"line":12,"column":17},"end":{"line":12,"column":18}},"loc":{"start":{"line":12,"column":33},"end":{"line":12,"column":49}}},"2":{"name":"(anonymous_2)","decl":{"start":{"line":16,"column":12},"end":{"line":16,"column":13}},"loc":{"start":{"line":16,"column":30},"end":{"line":18,"column":5}}},"3":{"name":"(anonymous_3)","decl":{"start":{"line":20,"column":18},"end":{"line":20,"column":null}},"loc":{"start":{"line":20,"column":18},"end":{"line":22,"column":5}}},"4":{"name":"(anonymous_4)","decl":{"start":{"line":26,"column":4},"end":{"line":26,"column":16}},"loc":{"start":{"line":26,"column":37},"end":{"line":29,"column":5}}},"5":{"name":"(anonymous_5)","decl":{"start":{"line":31,"column":4},"end":{"line":31,"column":22}},"loc":{"start":{"line":33,"column":56},"end":{"line":39,"column":5}}}},"branchMap":{},"s":{"0":2,"1":2,"2":2,"3":0,"4":0,"5":0,"6":0,"7":2,"8":1,"9":1,"10":0,"11":2,"12":1,"13":1,"14":0,"15":2},"f":{"0":0,"1":0,"2":1,"3":0,"4":1,"5":0},"b":{}}
,"/Users/julian9925/code base/vue-action-project/src/utils/validate.ts": {"path":"/Users/julian9925/code base/vue-action-project/src/utils/validate.ts","statementMap":{"0":{"start":{"line":2,"column":17},"end":{"line":2,"column":95}},"1":{"start":{"line":3,"column":4},"end":{"line":3,"column":32}},"2":{"start":{"line":4,"column":4},"end":{"line":4,"column":26}},"3":{"start":{"line":1,"column":0},"end":{"line":1,"column":16}}},"fnMap":{"0":{"name":"validateUrl","decl":{"start":{"line":1,"column":16},"end":{"line":1,"column":27}},"loc":{"start":{"line":1,"column":39},"end":{"line":5,"column":1}}}},"branchMap":{},"s":{"0":3,"1":3,"2":3,"3":2},"f":{"0":3},"b":{}}
,"/Users/julian9925/code base/vue-action-project/src/views/Home.vue": {"path":"/Users/julian9925/code base/vue-action-project/src/views/Home.vue","statementMap":{"0":{"start":{"line":9,"column":0},"end":{"line":9,"column":null}},"1":{"start":{"line":10,"column":0},"end":{"line":10,"column":null}},"2":{"start":{"line":17,"column":0},"end":{"line":17,"column":null}},"3":{"start":{"line":17,"column":0},"end":{"line":12,"column":null}}},"fnMap":{"0":{"name":"(anonymous_2)","decl":{"start":{"line":17,"column":0},"end":{"line":17,"column":null}},"loc":{"start":{"line":17,"column":0},"end":{"line":17,"column":null}}}},"branchMap":{},"s":{"0":1,"1":1,"2":3,"3":1},"f":{"0":2},"b":{}}
}
