TN:
SF:/Users/julian9925/code base/vue-action-project/src/components/HelloWorld.vue
FN:55,(anonymous_1)
FN:66,(anonymous_3)
FN:67,(anonymous_4)
FN:71,(anonymous_5)
FNF:4
FNH:4
FNDA:5,(anonymous_1)
FNDA:3,(anonymous_3)
FNDA:3,(anonymous_4)
FNDA:1,(anonymous_5)
DA:48,2
DA:49,2
DA:50,2
DA:51,2
DA:55,7
DA:56,2
DA:57,2
DA:59,3
DA:60,3
DA:64,3
DA:66,3
DA:67,3
DA:68,3
DA:71,2
DA:72,2
DA:76,1
DA:81,1
DA:83,2
LF:18
LH:18
BRDA:55,0,0,3
BRDA:55,0,1,3
BRDA:55,0,2,3
BRDA:67,1,0,3
BRDA:67,1,1,3
BRDA:68,2,0,3
BRDA:68,2,1,3
BRF:7
BRH:7
end_of_record
TN:
SF:/Users/julian9925/code base/vue-action-project/src/store/initialState/InitialInfoState.ts
FN:3,(anonymous_0)
FNF:1
FNH:1
FNDA:2,(anonymous_0)
DA:3,2
DA:4,2
LF:2
LH:2
BRF:0
BRH:0
end_of_record
TN:
SF:/Users/julian9925/code base/vue-action-project/src/store/modules/info.ts
FN:11,(anonymous_0)
FN:12,(anonymous_1)
FN:16,(anonymous_2)
FN:20,(anonymous_3)
FN:26,(anonymous_4)
FN:31,(anonymous_5)
FNF:6
FNH:2
FNDA:0,(anonymous_0)
FNDA:0,(anonymous_1)
FNDA:1,(anonymous_2)
FNDA:0,(anonymous_3)
FNDA:1,(anonymous_4)
FNDA:0,(anonymous_5)
DA:4,2
DA:8,2
DA:10,2
DA:11,0
DA:12,0
DA:15,2
DA:16,1
DA:17,1
DA:21,0
DA:25,2
DA:27,1
DA:28,1
DA:35,0
DA:42,2
LF:14
LH:10
BRF:0
BRH:0
end_of_record
TN:
SF:/Users/julian9925/code base/vue-action-project/src/utils/validate.ts
FN:1,validateUrl
FNF:1
FNH:1
FNDA:3,validateUrl
DA:1,2
DA:2,3
DA:3,3
DA:4,3
LF:4
LH:4
BRF:0
BRH:0
end_of_record
TN:
SF:/Users/julian9925/code base/vue-action-project/src/views/Home.vue
FN:17,(anonymous_2)
FNF:1
FNH:1
FNDA:2,(anonymous_2)
DA:9,1
DA:10,1
DA:17,3
LF:3
LH:3
BRF:0
BRH:0
end_of_record
